<?xml version="1.0" encoding="UTF-8"?>
<!-- Generated by org.testng.reporters.JUnitReportReporter -->
<testsuite hostname="LAPTOP-FBEND62E" failures="0" tests="1" name="Excelreader.ExcelDataProvider" time="20.019" errors="0" timestamp="9 Nov 2020 11:39:12 GMT">
  <testcase classname="Excelreader.ExcelDataProvider" name="search" time="20.019"/>
</testsuite> <!-- Excelreader.ExcelDataProvider -->
