<?xml version="1.0" encoding="UTF-8"?>
<!-- Generated by org.testng.reporters.JUnitReportReporter -->
<testsuite hostname="LAPTOP-FBEND62E" failures="0" tests="2" name="TestNGFramework.LoginTest" time="32.875" errors="0" timestamp="2 Nov 2020 07:46:18 GMT">
  <testcase classname="TestNGFramework.LoginTest" name="LoginTestCase" time="15.819"/>
  <testcase classname="TestNGFramework.LoginTest" name="LoginTestCase" time="17.056"/>
</testsuite> <!-- TestNGFramework.LoginTest -->
