<?xml version="1.0" encoding="UTF-8"?>
<!-- Generated by org.testng.reporters.JUnitReportReporter -->
<testsuite hostname="LAPTOP-FBEND62E" failures="0" tests="1" name="runner.ExecuteTestRunner" time="21.013" errors="0" timestamp="23 Nov 2020 07:33:51 GMT">
  <testcase classname="runner.ExecuteTestRunner" name="feature" time="21.013"/>
</testsuite> <!-- runner.ExecuteTestRunner -->
