<?xml version="1.0" encoding="UTF-8"?>
<!-- Generated by org.testng.reporters.JUnitReportReporter -->
<testsuite hostname="LAPTOP-FBEND62E" failures="0" tests="1" name="TestNGFramework.LoginTest2" time="16.235" errors="0" timestamp="2 Nov 2020 07:57:21 GMT">
  <testcase classname="TestNGFramework.LoginTest2" name="LoginTestCase" time="16.235"/>
</testsuite> <!-- TestNGFramework.LoginTest2 -->
